08-Sep-2020 19:07:35.225 INFO [main] org.apache.catalina.startup.VersionLoggerListener.log Server version name:   Apache Tomcat/8.5.57
08-Sep-2020 19:07:35.239 INFO [main] org.apache.catalina.startup.VersionLoggerListener.log Server built:          Jun 30 2020 21:49:10 UTC
08-Sep-2020 19:07:35.240 INFO [main] org.apache.catalina.startup.VersionLoggerListener.log Server version number: 8.5.57.0
08-Sep-2020 19:07:35.240 INFO [main] org.apache.catalina.startup.VersionLoggerListener.log OS Name:               Windows 10
08-Sep-2020 19:07:35.241 INFO [main] org.apache.catalina.startup.VersionLoggerListener.log OS Version:            10.0
08-Sep-2020 19:07:35.241 INFO [main] org.apache.catalina.startup.VersionLoggerListener.log Architecture:          amd64
08-Sep-2020 19:07:35.241 INFO [main] org.apache.catalina.startup.VersionLoggerListener.log Java Home:             C:\Program Files\Java\jdk1.8.0_201\jre
08-Sep-2020 19:07:35.241 INFO [main] org.apache.catalina.startup.VersionLoggerListener.log JVM Version:           1.8.0_201-b09
08-Sep-2020 19:07:35.242 INFO [main] org.apache.catalina.startup.VersionLoggerListener.log JVM Vendor:            Oracle Corporation
08-Sep-2020 19:07:35.242 INFO [main] org.apache.catalina.startup.VersionLoggerListener.log CATALINA_BASE:         D:\tomCat\apache-tomcat-8.5.57
08-Sep-2020 19:07:35.242 INFO [main] org.apache.catalina.startup.VersionLoggerListener.log CATALINA_HOME:         D:\tomCat\apache-tomcat-8.5.57
08-Sep-2020 19:07:35.242 INFO [main] org.apache.catalina.startup.VersionLoggerListener.log Command line argument: -Djava.util.logging.config.file=D:\tomCat\apache-tomcat-8.5.57\conf\logging.properties
08-Sep-2020 19:07:35.243 INFO [main] org.apache.catalina.startup.VersionLoggerListener.log Command line argument: -Djava.util.logging.manager=org.apache.juli.ClassLoaderLogManager
08-Sep-2020 19:07:35.243 INFO [main] org.apache.catalina.startup.VersionLoggerListener.log Command line argument: -Djdk.tls.ephemeralDHKeySize=2048
08-Sep-2020 19:07:35.243 INFO [main] org.apache.catalina.startup.VersionLoggerListener.log Command line argument: -Djava.protocol.handler.pkgs=org.apache.catalina.webresources
08-Sep-2020 19:07:35.243 INFO [main] org.apache.catalina.startup.VersionLoggerListener.log Command line argument: -Dignore.endorsed.dirs=
08-Sep-2020 19:07:35.243 INFO [main] org.apache.catalina.startup.VersionLoggerListener.log Command line argument: -Dcatalina.base=D:\tomCat\apache-tomcat-8.5.57
08-Sep-2020 19:07:35.245 INFO [main] org.apache.catalina.startup.VersionLoggerListener.log Command line argument: -Dcatalina.home=D:\tomCat\apache-tomcat-8.5.57
08-Sep-2020 19:07:35.246 INFO [main] org.apache.catalina.startup.VersionLoggerListener.log Command line argument: -Djava.io.tmpdir=D:\tomCat\apache-tomcat-8.5.57\temp
08-Sep-2020 19:07:35.250 INFO [main] org.apache.catalina.core.AprLifecycleListener.lifecycleEvent Loaded Apache Tomcat Native library [1.2.24] using APR version [1.7.0].
08-Sep-2020 19:07:35.253 INFO [main] org.apache.catalina.core.AprLifecycleListener.lifecycleEvent APR capabilities: IPv6 [true], sendfile [true], accept filters [false], random [true].
08-Sep-2020 19:07:35.253 INFO [main] org.apache.catalina.core.AprLifecycleListener.lifecycleEvent APR/OpenSSL configuration: useAprConnector [false], useOpenSSL [true]
08-Sep-2020 19:07:35.389 INFO [main] org.apache.catalina.core.AprLifecycleListener.initializeSSL OpenSSL successfully initialized [OpenSSL 1.1.1g  21 Apr 2020]
08-Sep-2020 19:07:35.666 INFO [main] org.apache.coyote.AbstractProtocol.init Initializing ProtocolHandler ["http-nio-8080"]
08-Sep-2020 19:07:35.899 INFO [main] org.apache.tomcat.util.net.NioSelectorPool.getSharedSelector Using a shared selector for servlet write/read
08-Sep-2020 19:07:35.951 INFO [main] org.apache.catalina.startup.Catalina.load Initialization processed in 1617 ms
08-Sep-2020 19:07:36.040 INFO [main] org.apache.catalina.core.StandardService.startInternal Starting service [Catalina]
08-Sep-2020 19:07:36.041 INFO [main] org.apache.catalina.core.StandardEngine.startInternal Starting Servlet Engine: Apache Tomcat/8.5.57
08-Sep-2020 19:07:36.067 INFO [localhost-startStop-1] org.apache.catalina.startup.HostConfig.deployDirectory Установка веб приложения в папку [D:\tomCat\apache-tomcat-8.5.57\webapps\docs]
08-Sep-2020 19:07:36.476 INFO [localhost-startStop-1] org.apache.catalina.startup.HostConfig.deployDirectory Deployment of web application directory [D:\tomCat\apache-tomcat-8.5.57\webapps\docs] has finished in [405] ms
08-Sep-2020 19:07:36.476 INFO [localhost-startStop-1] org.apache.catalina.startup.HostConfig.deployDirectory Установка веб приложения в папку [D:\tomCat\apache-tomcat-8.5.57\webapps\examples]
08-Sep-2020 19:07:37.032 INFO [localhost-startStop-1] org.apache.catalina.startup.HostConfig.deployDirectory Deployment of web application directory [D:\tomCat\apache-tomcat-8.5.57\webapps\examples] has finished in [556] ms
08-Sep-2020 19:07:37.043 INFO [localhost-startStop-1] org.apache.catalina.startup.HostConfig.deployDirectory Установка веб приложения в папку [D:\tomCat\apache-tomcat-8.5.57\webapps\host-manager]
08-Sep-2020 19:07:37.094 INFO [localhost-startStop-1] org.apache.catalina.startup.HostConfig.deployDirectory Deployment of web application directory [D:\tomCat\apache-tomcat-8.5.57\webapps\host-manager] has finished in [52] ms
08-Sep-2020 19:07:37.095 INFO [localhost-startStop-1] org.apache.catalina.startup.HostConfig.deployDirectory Установка веб приложения в папку [D:\tomCat\apache-tomcat-8.5.57\webapps\manager]
08-Sep-2020 19:07:37.145 INFO [localhost-startStop-1] org.apache.catalina.startup.HostConfig.deployDirectory Deployment of web application directory [D:\tomCat\apache-tomcat-8.5.57\webapps\manager] has finished in [50] ms
08-Sep-2020 19:07:37.146 INFO [localhost-startStop-1] org.apache.catalina.startup.HostConfig.deployDirectory Установка веб приложения в папку [D:\tomCat\apache-tomcat-8.5.57\webapps\ROOT]
08-Sep-2020 19:07:37.188 INFO [localhost-startStop-1] org.apache.catalina.startup.HostConfig.deployDirectory Deployment of web application directory [D:\tomCat\apache-tomcat-8.5.57\webapps\ROOT] has finished in [42] ms
08-Sep-2020 19:07:37.194 INFO [main] org.apache.coyote.AbstractProtocol.start Starting ProtocolHandler ["http-nio-8080"]
08-Sep-2020 19:07:37.225 INFO [main] org.apache.catalina.startup.Catalina.start Server startup in 1268 ms
08-Sep-2020 20:34:00.862 INFO [main] org.apache.catalina.startup.VersionLoggerListener.log Server version name:   Apache Tomcat/8.5.57
08-Sep-2020 20:34:00.869 INFO [main] org.apache.catalina.startup.VersionLoggerListener.log Server built:          Jun 30 2020 21:49:10 UTC
08-Sep-2020 20:34:00.870 INFO [main] org.apache.catalina.startup.VersionLoggerListener.log Server version number: 8.5.57.0
08-Sep-2020 20:34:00.870 INFO [main] org.apache.catalina.startup.VersionLoggerListener.log OS Name:               Windows 10
08-Sep-2020 20:34:00.870 INFO [main] org.apache.catalina.startup.VersionLoggerListener.log OS Version:            10.0
08-Sep-2020 20:34:00.871 INFO [main] org.apache.catalina.startup.VersionLoggerListener.log Architecture:          amd64
08-Sep-2020 20:34:00.871 INFO [main] org.apache.catalina.startup.VersionLoggerListener.log Java Home:             C:\Program Files\Java\jdk1.8.0_201\jre
08-Sep-2020 20:34:00.871 INFO [main] org.apache.catalina.startup.VersionLoggerListener.log JVM Version:           1.8.0_201-b09
08-Sep-2020 20:34:00.871 INFO [main] org.apache.catalina.startup.VersionLoggerListener.log JVM Vendor:            Oracle Corporation
08-Sep-2020 20:34:00.871 INFO [main] org.apache.catalina.startup.VersionLoggerListener.log CATALINA_BASE:         D:\tomCat\apache-tomcat-8.5.57
08-Sep-2020 20:34:00.871 INFO [main] org.apache.catalina.startup.VersionLoggerListener.log CATALINA_HOME:         D:\tomCat\apache-tomcat-8.5.57
08-Sep-2020 20:34:00.872 INFO [main] org.apache.catalina.startup.VersionLoggerListener.log Command line argument: -Djava.util.logging.config.file=D:\tomCat\apache-tomcat-8.5.57\conf\logging.properties
08-Sep-2020 20:34:00.872 INFO [main] org.apache.catalina.startup.VersionLoggerListener.log Command line argument: -Djava.util.logging.manager=org.apache.juli.ClassLoaderLogManager
08-Sep-2020 20:34:00.873 INFO [main] org.apache.catalina.startup.VersionLoggerListener.log Command line argument: -Djdk.tls.ephemeralDHKeySize=2048
08-Sep-2020 20:34:00.873 INFO [main] org.apache.catalina.startup.VersionLoggerListener.log Command line argument: -Djava.protocol.handler.pkgs=org.apache.catalina.webresources
08-Sep-2020 20:34:00.873 INFO [main] org.apache.catalina.startup.VersionLoggerListener.log Command line argument: -Dignore.endorsed.dirs=
08-Sep-2020 20:34:00.874 INFO [main] org.apache.catalina.startup.VersionLoggerListener.log Command line argument: -Dcatalina.base=D:\tomCat\apache-tomcat-8.5.57
08-Sep-2020 20:34:00.877 INFO [main] org.apache.catalina.startup.VersionLoggerListener.log Command line argument: -Dcatalina.home=D:\tomCat\apache-tomcat-8.5.57
08-Sep-2020 20:34:00.882 INFO [main] org.apache.catalina.startup.VersionLoggerListener.log Command line argument: -Djava.io.tmpdir=D:\tomCat\apache-tomcat-8.5.57\temp
08-Sep-2020 20:34:00.884 INFO [main] org.apache.catalina.core.AprLifecycleListener.lifecycleEvent Loaded Apache Tomcat Native library [1.2.24] using APR version [1.7.0].
08-Sep-2020 20:34:00.884 INFO [main] org.apache.catalina.core.AprLifecycleListener.lifecycleEvent APR capabilities: IPv6 [true], sendfile [true], accept filters [false], random [true].
08-Sep-2020 20:34:00.885 INFO [main] org.apache.catalina.core.AprLifecycleListener.lifecycleEvent APR/OpenSSL configuration: useAprConnector [false], useOpenSSL [true]
08-Sep-2020 20:34:00.923 INFO [main] org.apache.catalina.core.AprLifecycleListener.initializeSSL OpenSSL successfully initialized [OpenSSL 1.1.1g  21 Apr 2020]
08-Sep-2020 20:34:01.139 INFO [main] org.apache.coyote.AbstractProtocol.init Initializing ProtocolHandler ["http-nio-8080"]
08-Sep-2020 20:34:01.306 INFO [main] org.apache.tomcat.util.net.NioSelectorPool.getSharedSelector Using a shared selector for servlet write/read
08-Sep-2020 20:34:01.330 INFO [main] org.apache.catalina.startup.Catalina.load Initialization processed in 1187 ms
08-Sep-2020 20:34:01.385 INFO [main] org.apache.catalina.core.StandardService.startInternal Starting service [Catalina]
08-Sep-2020 20:34:01.386 INFO [main] org.apache.catalina.core.StandardEngine.startInternal Starting Servlet Engine: Apache Tomcat/8.5.57
08-Sep-2020 20:34:01.401 INFO [localhost-startStop-1] org.apache.catalina.startup.HostConfig.deployDirectory Установка веб приложения в папку [D:\tomCat\apache-tomcat-8.5.57\webapps\docs]
08-Sep-2020 20:34:01.803 INFO [localhost-startStop-1] org.apache.catalina.startup.HostConfig.deployDirectory Deployment of web application directory [D:\tomCat\apache-tomcat-8.5.57\webapps\docs] has finished in [400] ms
08-Sep-2020 20:34:01.803 INFO [localhost-startStop-1] org.apache.catalina.startup.HostConfig.deployDirectory Установка веб приложения в папку [D:\tomCat\apache-tomcat-8.5.57\webapps\examples]
08-Sep-2020 20:34:02.313 INFO [localhost-startStop-1] org.apache.catalina.startup.HostConfig.deployDirectory Deployment of web application directory [D:\tomCat\apache-tomcat-8.5.57\webapps\examples] has finished in [510] ms
08-Sep-2020 20:34:02.313 INFO [localhost-startStop-1] org.apache.catalina.startup.HostConfig.deployDirectory Установка веб приложения в папку [D:\tomCat\apache-tomcat-8.5.57\webapps\host-manager]
08-Sep-2020 20:34:02.354 INFO [localhost-startStop-1] org.apache.catalina.startup.HostConfig.deployDirectory Deployment of web application directory [D:\tomCat\apache-tomcat-8.5.57\webapps\host-manager] has finished in [40] ms
08-Sep-2020 20:34:02.354 INFO [localhost-startStop-1] org.apache.catalina.startup.HostConfig.deployDirectory Установка веб приложения в папку [D:\tomCat\apache-tomcat-8.5.57\webapps\manager]
08-Sep-2020 20:34:02.391 INFO [localhost-startStop-1] org.apache.catalina.startup.HostConfig.deployDirectory Deployment of web application directory [D:\tomCat\apache-tomcat-8.5.57\webapps\manager] has finished in [36] ms
08-Sep-2020 20:34:02.391 INFO [localhost-startStop-1] org.apache.catalina.startup.HostConfig.deployDirectory Установка веб приложения в папку [D:\tomCat\apache-tomcat-8.5.57\webapps\ROOT]
08-Sep-2020 20:34:02.421 INFO [localhost-startStop-1] org.apache.catalina.startup.HostConfig.deployDirectory Deployment of web application directory [D:\tomCat\apache-tomcat-8.5.57\webapps\ROOT] has finished in [30] ms
08-Sep-2020 20:34:02.422 INFO [localhost-startStop-1] org.apache.catalina.startup.HostConfig.deployDirectory Установка веб приложения в папку [D:\tomCat\apache-tomcat-8.5.57\webapps\someHolder]
08-Sep-2020 20:34:02.466 INFO [localhost-startStop-1] org.apache.catalina.startup.HostConfig.deployDirectory Deployment of web application directory [D:\tomCat\apache-tomcat-8.5.57\webapps\someHolder] has finished in [44] ms
08-Sep-2020 20:34:02.470 INFO [main] org.apache.coyote.AbstractProtocol.start Starting ProtocolHandler ["http-nio-8080"]
08-Sep-2020 20:34:02.482 INFO [main] org.apache.catalina.startup.Catalina.start Server startup in 1149 ms
